Arguments: 
  /usr/bin/node /usr/share/yarn/bin/yarn.js add bootstrap@4.6 jquery proper.js

PATH: 
  /home/yegor/.rvm/gems/ruby-2.7.2/bin:/home/yegor/.rvm/gems/ruby-2.7.2@global/bin:/home/yegor/.rvm/rubies/ruby-2.7.2/bin:/home/yegor/.rvm/bin:/usr/local/sbin:/usr/local/bin:/usr/sbin:/usr/bin:/sbin:/bin:/usr/games:/usr/local/games:/snap/bin

Yarn version: 
  1.22.5

Node version: 
  10.19.0

Platform: 
  linux x64

Trace: 
  Error: https://registry.yarnpkg.com/proper.js: Not found
      at Request.params.callback [as _callback] (/usr/share/yarn/lib/cli.js:66988:18)
      at Request.self.callback (/usr/share/yarn/lib/cli.js:140749:22)
      at Request.emit (events.js:198:13)
      at Request.<anonymous> (/usr/share/yarn/lib/cli.js:141721:10)
      at Request.emit (events.js:198:13)
      at IncomingMessage.<anonymous> (/usr/share/yarn/lib/cli.js:141643:12)
      at Object.onceWrapper (events.js:286:20)
      at IncomingMessage.emit (events.js:203:15)
      at endReadableNT (_stream_readable.js:1145:12)
      at process._tickCallback (internal/process/next_tick.js:63:19)

npm manifest: 
  {
    "name": "bbq",
    "private": true,
    "dependencies": {
      "@rails/ujs": "^6.0.0",
      "turbolinks": "^5.2.0",
      "@rails/activestorage": "^6.0.0",
      "@rails/actioncable": "^6.0.0"
    },
    "version": "0.1.0"
  }

yarn manifest: 
  No manifest

Lockfile: 
  No lockfile
